[ 2016-03-23T16:26:56+08:00 ] 127.0.0.1 /Admin/Public/islogin.html
INFO: [ app_begin ] --START--
INFO: Run Behavior\ReadHtmlCacheBehavior [ RunTime:0.000722s ]
INFO: [ app_begin ] --END-- [ RunTime:0.001211s ]
NOTIC: [2048] Declaration of Admin\Controller\PublicController::error() should be compatible with Think\Controller::error($message = '', $jumpUrl = '', $ajax = false) /Users/admin/www/auth/Application/Admin/Controller/PublicController.class.php 第 329 行.
NOTIC: [2048] Declaration of Admin\Controller\PublicController::success() should be compatible with Think\Controller::success($message = '', $jumpUrl = '', $ajax = false) /Users/admin/www/auth/Application/Admin/Controller/PublicController.class.php 第 329 行.
SQL: SHOW COLUMNS FROM `a_admin` [ RunTime:0.0029s ]
SQL: SHOW COLUMNS FROM `a_admin` [ RunTime:0.0016s ]
SQL: SELECT `chars` FROM a_admin a LEFT JOIN a_char c ON a.id=c.id  WHERE a.username = 'admin' AND a.status = 1 LIMIT 1   [ RunTime:0.0010s ]
SQL: SELECT `id`,`username`,`status`,`name` FROM `a_admin` WHERE `username` = 'admin' AND `password` = '188fec1bc25ef912b6e77f6741b5c364' AND `status` = 1 LIMIT 1   [ RunTime:0.0002s ]
SQL: UPDATE `a_admin` SET `last_time`='1458721616',`last_ip`='127.0.0.1' WHERE `username` = 'admin' AND `password` = '188fec1bc25ef912b6e77f6741b5c364' AND `status` = 1 [ RunTime:0.0007s ]
NOTIC: [8] Use of undefined constant UID - assumed 'UID' /Users/admin/www/auth/Application/Admin/Controller/PublicController.class.php 第 200 行.
SQL: SHOW COLUMNS FROM `a_group_access` [ RunTime:0.0028s ]
SQL: SELECT `group_id` FROM `a_group_access` WHERE `uid` = 1  [ RunTime:0.0003s ]
SQL: SHOW COLUMNS FROM `a_group` [ RunTime:0.0024s ]
SQL: SELECT `rules` FROM `a_group` WHERE `id` IN ('1') AND `status` = 1  [ RunTime:0.0005s ]
NOTIC: [8] Use of undefined constant UID - assumed 'UID' /Users/admin/www/auth/Application/Admin/Controller/PublicController.class.php 第 214 行.
SQL: SHOW COLUMNS FROM `a_auth_cate` [ RunTime:0.0024s ]
SQL: SELECT `module` FROM `a_auth_cate` WHERE `id` IN ('0','1','2','7','10','19','20','57','58','59','61','51','52','53','54','55','56','62','63','64','65','66','67','68','69','70','71','72') AND `level` = 0 AND `status` = 1 LIMIT 1   [ RunTime:0.0004s ]

[ 2016-03-23T17:45:01+08:00 ] 127.0.0.1 /Admin/Admin/adminuserdel/id/1.html?_=1458726301143
INFO: [ app_begin ] --START--
INFO: Run Behavior\ReadHtmlCacheBehavior [ RunTime:0.000582s ]
INFO: [ app_begin ] --END-- [ RunTime:0.000981s ]
NOTIC: [2048] Declaration of Admin\Controller\PublicController::error() should be compatible with Think\Controller::error($message = '', $jumpUrl = '', $ajax = false) /Users/admin/www/auth/Application/Admin/Controller/PublicController.class.php 第 329 行.
NOTIC: [2048] Declaration of Admin\Controller\PublicController::success() should be compatible with Think\Controller::success($message = '', $jumpUrl = '', $ajax = false) /Users/admin/www/auth/Application/Admin/Controller/PublicController.class.php 第 329 行.
SQL: SHOW COLUMNS FROM `a_auth_cate` [ RunTime:0.0023s ]
SQL: SELECT * FROM `a_auth_cate` WHERE `status` = 1 AND `level` = 1 AND `module` = 'Admin'  [ RunTime:0.0007s ]
SQL: SELECT `module`,`controller`,`method`,`title`,`name` FROM `a_auth_cate` WHERE `status` = 1 AND `level` = 2 AND `is_menu` = 0 AND `module` = 'Admin' AND `controller` = 'Admin' ORDER BY sort DESC  [ RunTime:0.0004s ]
SQL: SHOW COLUMNS FROM `a_admin` [ RunTime:0.0023s ]

[ 2016-03-23T18:17:21+08:00 ] 127.0.0.1 /Admin/Public/islogin.html
INFO: [ app_begin ] --START--
INFO: Run Behavior\ReadHtmlCacheBehavior [ RunTime:0.000993s ]
INFO: [ app_begin ] --END-- [ RunTime:0.001776s ]
NOTIC: [2048] Declaration of Admin\Controller\PublicController::error() should be compatible with Think\Controller::error($message = '', $jumpUrl = '', $ajax = false) /Users/admin/www/auth/Application/Admin/Controller/PublicController.class.php 第 329 行.
NOTIC: [2048] Declaration of Admin\Controller\PublicController::success() should be compatible with Think\Controller::success($message = '', $jumpUrl = '', $ajax = false) /Users/admin/www/auth/Application/Admin/Controller/PublicController.class.php 第 329 行.
SQL: SHOW COLUMNS FROM `a_admin` [ RunTime:0.0026s ]

[ 2016-03-23T18:17:26+08:00 ] 127.0.0.1 /Admin/Public/islogin.html
INFO: [ app_begin ] --START--
INFO: Run Behavior\ReadHtmlCacheBehavior [ RunTime:0.000726s ]
INFO: [ app_begin ] --END-- [ RunTime:0.001204s ]
NOTIC: [2048] Declaration of Admin\Controller\PublicController::error() should be compatible with Think\Controller::error($message = '', $jumpUrl = '', $ajax = false) /Users/admin/www/auth/Application/Admin/Controller/PublicController.class.php 第 329 行.
NOTIC: [2048] Declaration of Admin\Controller\PublicController::success() should be compatible with Think\Controller::success($message = '', $jumpUrl = '', $ajax = false) /Users/admin/www/auth/Application/Admin/Controller/PublicController.class.php 第 329 行.
SQL: SHOW COLUMNS FROM `a_admin` [ RunTime:0.0042s ]
SQL: SHOW COLUMNS FROM `a_admin` [ RunTime:0.0019s ]
SQL: SELECT `chars` FROM a_admin a LEFT JOIN a_char c ON a.id=c.id  WHERE a.username = 'admin' AND a.status = 1 LIMIT 1   [ RunTime:0.0007s ]
SQL: SELECT `id`,`username`,`status`,`name` FROM `a_admin` WHERE `username` = 'admin' AND `password` = '188fec1bc25ef912b6e77f6741b5c364' AND `status` = 1 LIMIT 1   [ RunTime:0.0003s ]
SQL: UPDATE `a_admin` SET `last_time`='1458728246',`last_ip`='127.0.0.1' WHERE `username` = 'admin' AND `password` = '188fec1bc25ef912b6e77f6741b5c364' AND `status` = 1 [ RunTime:0.0010s ]
NOTIC: [8] Use of undefined constant UID - assumed 'UID' /Users/admin/www/auth/Application/Admin/Controller/PublicController.class.php 第 200 行.
SQL: SHOW COLUMNS FROM `a_group_access` [ RunTime:0.0015s ]
SQL: SELECT `group_id` FROM `a_group_access` WHERE `uid` = 1  [ RunTime:0.0003s ]
SQL: SHOW COLUMNS FROM `a_group` [ RunTime:0.0015s ]
SQL: SELECT `rules` FROM `a_group` WHERE `id` IN ('1') AND `status` = 1  [ RunTime:0.0003s ]
NOTIC: [8] Use of undefined constant UID - assumed 'UID' /Users/admin/www/auth/Application/Admin/Controller/PublicController.class.php 第 214 行.
SQL: SHOW COLUMNS FROM `a_auth_cate` [ RunTime:0.0016s ]
SQL: SELECT `module` FROM `a_auth_cate` WHERE `id` IN ('0','1','2','7','10','19','20','57','58','59','61','51','52','53','54','55','56','62','63','64','65','66','67','68','69','70','71','72') AND `level` = 0 AND `status` = 1 LIMIT 1   [ RunTime:0.0005s ]

